0 verbose cli /usr/local/bin/node /usr/local/lib/node_modules/npm/bin/npm-cli.js
1 info using npm@11.8.0
2 info using node@v24.13.1
3 silly config load:file:/usr/local/lib/node_modules/npm/npmrc
4 silly config load:file:/Users/manavcodaty/repos/TruthLens/.npmrc
5 silly config load:file:/Users/manavcodaty/.npmrc
6 silly config load:file:/usr/local/etc/npmrc
7 verbose title npm exec create-next-app@latest truthlens-temp --typescript --tailwind --app --src-dir --use-npm --import-alias @/* --yes
8 verbose argv "exec" "--" "create-next-app@latest" "truthlens-temp" "--typescript" "--tailwind" "--app" "--src-dir" "--use-npm" "--import-alias" "@/*" "--yes"
9 verbose logfile logs-max:10 dir:/Users/manavcodaty/repos/TruthLens/.npm-cache/_logs/2026-03-07T08_22_29_306Z-
10 verbose logfile /Users/manavcodaty/repos/TruthLens/.npm-cache/_logs/2026-03-07T08_22_29_306Z-debug-0.log
11 silly logfile done cleaning log files
12 silly packumentCache heap:4496293888 maxSize:1124073472 maxEntrySize:562036736
13 http fetch GET 200 https://registry.npmjs.org/create-next-app 98ms (cache revalidated)
14 silly packumentCache heap:4496293888 maxSize:1124073472 maxEntrySize:562036736
15 silly packumentCache heap:4496293888 maxSize:1124073472 maxEntrySize:562036736
16 verbose cwd /Users/manavcodaty/repos/TruthLens
17 verbose os Darwin 25.3.0
18 verbose node v24.13.1
19 verbose npm  v11.8.0
20 verbose exit 0
21 info ok
