0 verbose cli /usr/local/bin/node /usr/local/bin/npm
1 info using npm@11.8.0
2 info using node@v24.13.1
3 silly config load:file:/usr/local/lib/node_modules/npm/npmrc
4 silly config load:file:/Users/manavcodaty/repos/TruthLens/.npmrc
5 silly config load:file:/Users/manavcodaty/.npmrc
6 silly config load:file:/usr/local/etc/npmrc
7 verbose title npm install convex @google/generative-ai lucide-react
8 verbose argv "install" "convex" "@google/generative-ai" "lucide-react"
9 verbose logfile logs-max:10 dir:/Users/manavcodaty/repos/TruthLens/.npm-cache/_logs/2026-03-07T08_24_00_647Z-
10 verbose logfile /Users/manavcodaty/repos/TruthLens/.npm-cache/_logs/2026-03-07T08_24_00_647Z-debug-0.log
11 silly logfile done cleaning log files
12 silly packumentCache heap:4496293888 maxSize:1124073472 maxEntrySize:562036736
13 silly idealTree buildDeps
14 silly fetch manifest convex@*
15 silly packumentCache full:https://registry.npmjs.org/convex cache-miss
16 http fetch GET 200 https://registry.npmjs.org/convex 547ms (cache miss)
17 silly packumentCache full:https://registry.npmjs.org/convex set size:undefined disposed:false
18 silly fetch manifest @auth0/auth0-react@^2.0.1
19 silly packumentCache full:https://registry.npmjs.org/@auth0%2fauth0-react cache-miss
20 http fetch GET 200 https://registry.npmjs.org/@auth0%2fauth0-react 729ms (cache miss)
21 silly packumentCache full:https://registry.npmjs.org/@auth0%2fauth0-react set size:undefined disposed:false
22 silly fetch manifest react@19.2.3
23 silly packumentCache full:https://registry.npmjs.org/react cache-miss
24 http cache https://registry.npmjs.org/react 12ms (cache hit)
25 silly packumentCache full:https://registry.npmjs.org/react set size:6535664 disposed:false
26 silly fetch manifest react-dom@19.2.3
27 silly packumentCache full:https://registry.npmjs.org/react-dom cache-miss
28 http cache https://registry.npmjs.org/react-dom 20ms (cache hit)
29 silly packumentCache full:https://registry.npmjs.org/react-dom set size:8671691 disposed:false
30 silly fetch manifest @clerk/clerk-react@^4.12.8 || ^5.0.0
31 silly packumentCache full:https://registry.npmjs.org/@clerk%2fclerk-react cache-miss
32 http fetch GET 200 https://registry.npmjs.org/@clerk%2fclerk-react 889ms (cache miss)
33 silly packumentCache full:https://registry.npmjs.org/@clerk%2fclerk-react set size:undefined disposed:false
34 silly fetch manifest @google/generative-ai@*
35 silly packumentCache full:https://registry.npmjs.org/@google%2fgenerative-ai cache-miss
36 http fetch GET 200 https://registry.npmjs.org/@google%2fgenerative-ai 178ms (cache miss)
37 silly packumentCache full:https://registry.npmjs.org/@google%2fgenerative-ai set size:undefined disposed:false
38 silly fetch manifest lucide-react@*
39 silly packumentCache full:https://registry.npmjs.org/lucide-react cache-miss
40 http fetch GET 200 https://registry.npmjs.org/lucide-react 337ms (cache miss)
41 silly packumentCache full:https://registry.npmjs.org/lucide-react set size:undefined disposed:false
42 silly placeDep ROOT @google/generative-ai@0.24.1 OK for: truthlens-temp@0.1.0 want: *
43 silly placeDep ROOT convex@1.32.0 OK for: truthlens-temp@0.1.0 want: *
44 silly placeDep ROOT lucide-react@0.577.0 OK for: truthlens-temp@0.1.0 want: *
45 silly fetch manifest ws@8.18.0
46 silly packumentCache full:https://registry.npmjs.org/ws cache-miss
47 silly fetch manifest esbuild@0.27.0
48 silly packumentCache full:https://registry.npmjs.org/esbuild cache-miss
49 silly fetch manifest prettier@^3.0.0
50 silly packumentCache full:https://registry.npmjs.org/prettier cache-miss
51 http fetch GET 200 https://registry.npmjs.org/ws 44ms (cache miss)
52 silly packumentCache full:https://registry.npmjs.org/ws set size:undefined disposed:false
53 http fetch GET 200 https://registry.npmjs.org/prettier 107ms (cache miss)
54 silly packumentCache full:https://registry.npmjs.org/prettier set size:undefined disposed:false
55 http fetch GET 200 https://registry.npmjs.org/esbuild 114ms (cache miss)
56 silly packumentCache full:https://registry.npmjs.org/esbuild set size:undefined disposed:false
57 silly fetch manifest bufferutil@^4.0.1
58 silly packumentCache full:https://registry.npmjs.org/bufferutil cache-miss
59 http fetch GET 200 https://registry.npmjs.org/bufferutil 34ms (cache miss)
60 silly packumentCache full:https://registry.npmjs.org/bufferutil set size:undefined disposed:false
61 silly fetch manifest utf-8-validate@>=5.0.2
62 silly packumentCache full:https://registry.npmjs.org/utf-8-validate cache-miss
63 http fetch GET 200 https://registry.npmjs.org/utf-8-validate 27ms (cache miss)
64 silly packumentCache full:https://registry.npmjs.org/utf-8-validate set size:undefined disposed:false
65 silly placeDep ROOT esbuild@0.27.0 OK for: convex@1.32.0 want: 0.27.0
66 silly placeDep ROOT prettier@3.8.1 OK for: convex@1.32.0 want: ^3.0.0
67 silly placeDep ROOT ws@8.18.0 OK for: convex@1.32.0 want: 8.18.0
68 silly fetch manifest @esbuild/aix-ppc64@0.27.0
69 silly packumentCache full:https://registry.npmjs.org/@esbuild%2faix-ppc64 cache-miss
70 silly fetch manifest @esbuild/linux-arm@0.27.0
71 silly packumentCache full:https://registry.npmjs.org/@esbuild%2flinux-arm cache-miss
72 silly fetch manifest @esbuild/linux-x64@0.27.0
73 silly packumentCache full:https://registry.npmjs.org/@esbuild%2flinux-x64 cache-miss
74 silly fetch manifest @esbuild/sunos-x64@0.27.0
75 silly packumentCache full:https://registry.npmjs.org/@esbuild%2fsunos-x64 cache-miss
76 silly fetch manifest @esbuild/win32-x64@0.27.0
77 silly packumentCache full:https://registry.npmjs.org/@esbuild%2fwin32-x64 cache-miss
78 silly fetch manifest @esbuild/darwin-x64@0.27.0
79 silly packumentCache full:https://registry.npmjs.org/@esbuild%2fdarwin-x64 cache-miss
80 silly fetch manifest @esbuild/linux-ia32@0.27.0
81 silly packumentCache full:https://registry.npmjs.org/@esbuild%2flinux-ia32 cache-miss
82 silly fetch manifest @esbuild/netbsd-x64@0.27.0
83 silly packumentCache full:https://registry.npmjs.org/@esbuild%2fnetbsd-x64 cache-miss
84 silly fetch manifest @esbuild/win32-ia32@0.27.0
85 silly packumentCache full:https://registry.npmjs.org/@esbuild%2fwin32-ia32 cache-miss
86 http fetch GET 200 https://registry.npmjs.org/@esbuild%2faix-ppc64 59ms (cache miss)
87 silly packumentCache full:https://registry.npmjs.org/@esbuild%2faix-ppc64 set size:undefined disposed:false
88 silly fetch manifest @esbuild/android-arm@0.27.0
89 silly packumentCache full:https://registry.npmjs.org/@esbuild%2fandroid-arm cache-miss
90 http fetch GET 200 https://registry.npmjs.org/@esbuild%2flinux-arm 72ms (cache miss)
91 silly packumentCache full:https://registry.npmjs.org/@esbuild%2flinux-arm set size:undefined disposed:false
92 silly fetch manifest @esbuild/android-x64@0.27.0
93 silly packumentCache full:https://registry.npmjs.org/@esbuild%2fandroid-x64 cache-miss
94 http fetch GET 200 https://registry.npmjs.org/@esbuild%2fwin32-x64 97ms (cache miss)
95 silly packumentCache full:https://registry.npmjs.org/@esbuild%2fwin32-x64 set size:undefined disposed:false
96 silly fetch manifest @esbuild/freebsd-x64@0.27.0
97 silly packumentCache full:https://registry.npmjs.org/@esbuild%2ffreebsd-x64 cache-miss
98 http fetch GET 200 https://registry.npmjs.org/@esbuild%2fnetbsd-x64 98ms (cache miss)
99 silly packumentCache full:https://registry.npmjs.org/@esbuild%2fnetbsd-x64 set size:undefined disposed:false
100 silly fetch manifest @esbuild/linux-arm64@0.27.0
101 silly packumentCache full:https://registry.npmjs.org/@esbuild%2flinux-arm64 cache-miss
102 http fetch GET 200 https://registry.npmjs.org/@esbuild%2fdarwin-x64 113ms (cache miss)
103 silly packumentCache full:https://registry.npmjs.org/@esbuild%2fdarwin-x64 set size:undefined disposed:false
104 silly fetch manifest @esbuild/linux-ppc64@0.27.0
105 silly packumentCache full:https://registry.npmjs.org/@esbuild%2flinux-ppc64 cache-miss
106 http fetch GET 200 https://registry.npmjs.org/@esbuild%2flinux-ppc64 59ms (cache miss)
107 silly packumentCache full:https://registry.npmjs.org/@esbuild%2flinux-ppc64 set size:undefined disposed:false
108 silly fetch manifest @esbuild/linux-s390x@0.27.0
109 silly packumentCache full:https://registry.npmjs.org/@esbuild%2flinux-s390x cache-miss
110 http fetch GET 200 https://registry.npmjs.org/@esbuild%2fsunos-x64 208ms (cache miss)
111 silly packumentCache full:https://registry.npmjs.org/@esbuild%2fsunos-x64 set size:undefined disposed:false
112 silly fetch manifest @esbuild/openbsd-x64@0.27.0
113 silly packumentCache full:https://registry.npmjs.org/@esbuild%2fopenbsd-x64 cache-miss
114 http fetch GET 200 https://registry.npmjs.org/@esbuild%2fwin32-ia32 214ms (cache miss)
115 silly packumentCache full:https://registry.npmjs.org/@esbuild%2fwin32-ia32 set size:undefined disposed:false
116 silly fetch manifest @esbuild/win32-arm64@0.27.0
117 silly packumentCache full:https://registry.npmjs.org/@esbuild%2fwin32-arm64 cache-miss
118 http fetch GET 200 https://registry.npmjs.org/@esbuild%2flinux-s390x 45ms (cache miss)
119 silly packumentCache full:https://registry.npmjs.org/@esbuild%2flinux-s390x set size:undefined disposed:false
120 silly fetch manifest @esbuild/darwin-arm64@0.27.0
121 silly packumentCache full:https://registry.npmjs.org/@esbuild%2fdarwin-arm64 cache-miss
122 http fetch GET 200 https://registry.npmjs.org/@esbuild%2fandroid-arm 160ms (cache miss)
123 silly packumentCache full:https://registry.npmjs.org/@esbuild%2fandroid-arm set size:undefined disposed:false
124 silly fetch manifest @esbuild/netbsd-arm64@0.27.0
125 silly packumentCache full:https://registry.npmjs.org/@esbuild%2fnetbsd-arm64 cache-miss
126 http fetch GET 200 https://registry.npmjs.org/@esbuild%2flinux-ia32 245ms (cache miss)
127 silly packumentCache full:https://registry.npmjs.org/@esbuild%2flinux-ia32 set size:undefined disposed:false
128 silly fetch manifest @esbuild/android-arm64@0.27.0
129 silly packumentCache full:https://registry.npmjs.org/@esbuild%2fandroid-arm64 cache-miss
130 http fetch GET 200 https://registry.npmjs.org/@esbuild%2fwin32-arm64 38ms (cache miss)
131 silly packumentCache full:https://registry.npmjs.org/@esbuild%2fwin32-arm64 set size:undefined disposed:false
132 silly fetch manifest @esbuild/freebsd-arm64@0.27.0
133 silly packumentCache full:https://registry.npmjs.org/@esbuild%2ffreebsd-arm64 cache-miss
134 http fetch GET 200 https://registry.npmjs.org/@esbuild%2fnetbsd-arm64 43ms (cache miss)
135 silly packumentCache full:https://registry.npmjs.org/@esbuild%2fnetbsd-arm64 set size:undefined disposed:false
136 silly fetch manifest @esbuild/linux-loong64@0.27.0
137 silly packumentCache full:https://registry.npmjs.org/@esbuild%2flinux-loong64 cache-miss
138 http fetch GET 200 https://registry.npmjs.org/@esbuild%2flinux-arm64 168ms (cache miss)
139 silly packumentCache full:https://registry.npmjs.org/@esbuild%2flinux-arm64 set size:undefined disposed:false
140 silly fetch manifest @esbuild/linux-riscv64@0.27.0
141 silly packumentCache full:https://registry.npmjs.org/@esbuild%2flinux-riscv64 cache-miss
142 http fetch GET 200 https://registry.npmjs.org/@esbuild%2fdarwin-arm64 49ms (cache miss)
143 silly packumentCache full:https://registry.npmjs.org/@esbuild%2fdarwin-arm64 set size:undefined disposed:false
144 silly fetch manifest @esbuild/openbsd-arm64@0.27.0
145 silly packumentCache full:https://registry.npmjs.org/@esbuild%2fopenbsd-arm64 cache-miss
146 http fetch GET 200 https://registry.npmjs.org/@esbuild%2ffreebsd-x64 185ms (cache miss)
147 silly packumentCache full:https://registry.npmjs.org/@esbuild%2ffreebsd-x64 set size:undefined disposed:false
148 silly fetch manifest @esbuild/linux-mips64el@0.27.0
149 silly packumentCache full:https://registry.npmjs.org/@esbuild%2flinux-mips64el cache-miss
150 http fetch GET 200 https://registry.npmjs.org/@esbuild%2flinux-x64 305ms (cache miss)
151 silly packumentCache full:https://registry.npmjs.org/@esbuild%2flinux-x64 set size:undefined disposed:false
152 silly fetch manifest @esbuild/openharmony-arm64@0.27.0
153 silly packumentCache full:https://registry.npmjs.org/@esbuild%2fopenharmony-arm64 cache-miss
154 http fetch GET 200 https://registry.npmjs.org/@esbuild%2flinux-loong64 47ms (cache miss)
155 silly packumentCache full:https://registry.npmjs.org/@esbuild%2flinux-loong64 set size:undefined disposed:false
156 http fetch GET 200 https://registry.npmjs.org/@esbuild%2flinux-riscv64 47ms (cache miss)
157 silly packumentCache full:https://registry.npmjs.org/@esbuild%2flinux-riscv64 set size:undefined disposed:false
158 http fetch GET 200 https://registry.npmjs.org/@esbuild%2flinux-mips64el 50ms (cache miss)
159 silly packumentCache full:https://registry.npmjs.org/@esbuild%2flinux-mips64el set size:undefined disposed:false
160 http fetch GET 200 https://registry.npmjs.org/@esbuild%2fopenharmony-arm64 47ms (cache miss)
161 silly packumentCache full:https://registry.npmjs.org/@esbuild%2fopenharmony-arm64 set size:undefined disposed:false
162 http fetch GET 200 https://registry.npmjs.org/@esbuild%2ffreebsd-arm64 171ms (cache miss)
163 silly packumentCache full:https://registry.npmjs.org/@esbuild%2ffreebsd-arm64 set size:undefined disposed:false
164 http fetch GET 200 https://registry.npmjs.org/@esbuild%2fopenbsd-arm64 174ms (cache miss)
165 silly packumentCache full:https://registry.npmjs.org/@esbuild%2fopenbsd-arm64 set size:undefined disposed:false
166 http fetch GET 200 https://registry.npmjs.org/@esbuild%2fandroid-x64 430ms (cache miss)
167 silly packumentCache full:https://registry.npmjs.org/@esbuild%2fandroid-x64 set size:undefined disposed:false
168 http fetch GET 200 https://registry.npmjs.org/@esbuild%2fopenbsd-x64 437ms (cache miss)
169 silly packumentCache full:https://registry.npmjs.org/@esbuild%2fopenbsd-x64 set size:undefined disposed:false
170 http fetch GET 200 https://registry.npmjs.org/@esbuild%2fandroid-arm64 427ms (cache miss)
171 silly packumentCache full:https://registry.npmjs.org/@esbuild%2fandroid-arm64 set size:undefined disposed:false
172 silly placeDep ROOT @esbuild/aix-ppc64@0.27.0 OK for: esbuild@0.27.0 want: 0.27.0
173 silly placeDep ROOT @esbuild/android-arm@0.27.0 OK for: esbuild@0.27.0 want: 0.27.0
174 silly placeDep ROOT @esbuild/android-arm64@0.27.0 OK for: esbuild@0.27.0 want: 0.27.0
175 silly placeDep ROOT @esbuild/android-x64@0.27.0 OK for: esbuild@0.27.0 want: 0.27.0
176 silly placeDep ROOT @esbuild/darwin-arm64@0.27.0 OK for: esbuild@0.27.0 want: 0.27.0
177 silly placeDep ROOT @esbuild/darwin-x64@0.27.0 OK for: esbuild@0.27.0 want: 0.27.0
178 silly placeDep ROOT @esbuild/freebsd-arm64@0.27.0 OK for: esbuild@0.27.0 want: 0.27.0
179 silly placeDep ROOT @esbuild/freebsd-x64@0.27.0 OK for: esbuild@0.27.0 want: 0.27.0
180 silly placeDep ROOT @esbuild/linux-arm@0.27.0 OK for: esbuild@0.27.0 want: 0.27.0
181 silly placeDep ROOT @esbuild/linux-arm64@0.27.0 OK for: esbuild@0.27.0 want: 0.27.0
182 silly placeDep ROOT @esbuild/linux-ia32@0.27.0 OK for: esbuild@0.27.0 want: 0.27.0
183 silly placeDep ROOT @esbuild/linux-loong64@0.27.0 OK for: esbuild@0.27.0 want: 0.27.0
184 silly placeDep ROOT @esbuild/linux-mips64el@0.27.0 OK for: esbuild@0.27.0 want: 0.27.0
185 silly placeDep ROOT @esbuild/linux-ppc64@0.27.0 OK for: esbuild@0.27.0 want: 0.27.0
186 silly placeDep ROOT @esbuild/linux-riscv64@0.27.0 OK for: esbuild@0.27.0 want: 0.27.0
187 silly placeDep ROOT @esbuild/linux-s390x@0.27.0 OK for: esbuild@0.27.0 want: 0.27.0
188 silly placeDep ROOT @esbuild/linux-x64@0.27.0 OK for: esbuild@0.27.0 want: 0.27.0
189 silly placeDep ROOT @esbuild/netbsd-arm64@0.27.0 OK for: esbuild@0.27.0 want: 0.27.0
190 silly placeDep ROOT @esbuild/netbsd-x64@0.27.0 OK for: esbuild@0.27.0 want: 0.27.0
191 silly placeDep ROOT @esbuild/openbsd-arm64@0.27.0 OK for: esbuild@0.27.0 want: 0.27.0
192 silly placeDep ROOT @esbuild/openbsd-x64@0.27.0 OK for: esbuild@0.27.0 want: 0.27.0
193 silly placeDep ROOT @esbuild/openharmony-arm64@0.27.0 OK for: esbuild@0.27.0 want: 0.27.0
194 silly placeDep ROOT @esbuild/sunos-x64@0.27.0 OK for: esbuild@0.27.0 want: 0.27.0
195 silly placeDep ROOT @esbuild/win32-arm64@0.27.0 OK for: esbuild@0.27.0 want: 0.27.0
196 silly placeDep ROOT @esbuild/win32-ia32@0.27.0 OK for: esbuild@0.27.0 want: 0.27.0
197 silly placeDep ROOT @esbuild/win32-x64@0.27.0 OK for: esbuild@0.27.0 want: 0.27.0
198 silly reify moves {}
199 silly audit bulk request {
199 silly audit   '@alloc/quick-lru': [ '5.2.0' ],
199 silly audit   '@babel/code-frame': [ '7.29.0' ],
199 silly audit   '@babel/compat-data': [ '7.29.0' ],
199 silly audit   '@babel/core': [ '7.29.0' ],
199 silly audit   '@babel/generator': [ '7.29.1' ],
199 silly audit   '@babel/helper-compilation-targets': [ '7.28.6' ],
199 silly audit   '@babel/helper-globals': [ '7.28.0' ],
199 silly audit   '@babel/helper-module-imports': [ '7.28.6' ],
199 silly audit   '@babel/helper-module-transforms': [ '7.28.6' ],
199 silly audit   '@babel/helper-string-parser': [ '7.27.1' ],
199 silly audit   '@babel/helper-validator-identifier': [ '7.28.5' ],
199 silly audit   '@babel/helper-validator-option': [ '7.27.1' ],
199 silly audit   '@babel/helpers': [ '7.28.6' ],
199 silly audit   '@babel/parser': [ '7.29.0' ],
199 silly audit   '@babel/template': [ '7.28.6' ],
199 silly audit   '@babel/traverse': [ '7.29.0' ],
199 silly audit   '@babel/types': [ '7.29.0' ],
199 silly audit   '@emnapi/core': [ '1.8.1' ],
199 silly audit   '@emnapi/runtime': [ '1.8.1' ],
199 silly audit   '@emnapi/wasi-threads': [ '1.1.0' ],
199 silly audit   '@eslint-community/eslint-utils': [ '4.9.1' ],
199 silly audit   'eslint-visitor-keys': [ '3.4.3', '5.0.1', '4.2.1' ],
199 silly audit   '@eslint-community/regexpp': [ '4.12.2' ],
199 silly audit   '@eslint/config-array': [ '0.21.2' ],
199 silly audit   '@eslint/config-helpers': [ '0.4.2' ],
199 silly audit   '@eslint/core': [ '0.17.0' ],
199 silly audit   '@eslint/eslintrc': [ '3.3.5' ],
199 silly audit   '@eslint/js': [ '9.39.4' ],
199 silly audit   '@eslint/object-schema': [ '2.1.7' ],
199 silly audit   '@eslint/plugin-kit': [ '0.4.1' ],
199 silly audit   '@humanfs/core': [ '0.19.1' ],
199 silly audit   '@humanfs/node': [ '0.16.7' ],
199 silly audit   '@humanwhocodes/module-importer': [ '1.0.1' ],
199 silly audit   '@humanwhocodes/retry': [ '0.4.3' ],
199 silly audit   '@img/colour': [ '1.1.0' ],
199 silly audit   '@img/sharp-darwin-arm64': [ '0.34.5' ],
199 silly audit   '@img/sharp-darwin-x64': [ '0.34.5' ],
199 silly audit   '@img/sharp-libvips-darwin-arm64': [ '1.2.4' ],
199 silly audit   '@img/sharp-libvips-darwin-x64': [ '1.2.4' ],
199 silly audit   '@img/sharp-libvips-linux-arm': [ '1.2.4' ],
199 silly audit   '@img/sharp-libvips-linux-arm64': [ '1.2.4' ],
199 silly audit   '@img/sharp-libvips-linux-ppc64': [ '1.2.4' ],
199 silly audit   '@img/sharp-libvips-linux-riscv64': [ '1.2.4' ],
199 silly audit   '@img/sharp-libvips-linux-s390x': [ '1.2.4' ],
199 silly audit   '@img/sharp-libvips-linux-x64': [ '1.2.4' ],
199 silly audit   '@img/sharp-libvips-linuxmusl-arm64': [ '1.2.4' ],
199 silly audit   '@img/sharp-libvips-linuxmusl-x64': [ '1.2.4' ],
199 silly audit   '@img/sharp-linux-arm': [ '0.34.5' ],
199 silly audit   '@img/sharp-linux-arm64': [ '0.34.5' ],
199 silly audit   '@img/sharp-linux-ppc64': [ '0.34.5' ],
199 silly audit   '@img/sharp-linux-riscv64': [ '0.34.5' ],
199 silly audit   '@img/sharp-linux-s390x': [ '0.34.5' ],
199 silly audit   '@img/sharp-linux-x64': [ '0.34.5' ],
199 silly audit   '@img/sharp-linuxmusl-arm64': [ '0.34.5' ],
199 silly audit   '@img/sharp-linuxmusl-x64': [ '0.34.5' ],
199 silly audit   '@img/sharp-wasm32': [ '0.34.5' ],
199 silly audit   '@img/sharp-win32-arm64': [ '0.34.5' ],
199 silly audit   '@img/sharp-win32-ia32': [ '0.34.5' ],
199 silly audit   '@img/sharp-win32-x64': [ '0.34.5' ],
199 silly audit   '@jridgewell/gen-mapping': [ '0.3.13' ],
199 silly audit   '@jridgewell/remapping': [ '2.3.5' ],
199 silly audit   '@jridgewell/resolve-uri': [ '3.1.2' ],
199 silly audit   '@jridgewell/sourcemap-codec': [ '1.5.5' ],
199 silly audit   '@jridgewell/trace-mapping': [ '0.3.31' ],
199 silly audit   '@napi-rs/wasm-runtime': [ '0.2.12' ],
199 silly audit   '@next/env': [ '16.1.6' ],
199 silly audit   '@next/eslint-plugin-next': [ '16.1.6' ],
199 silly audit   '@next/swc-darwin-arm64': [ '16.1.6' ],
199 silly audit   '@next/swc-darwin-x64': [ '16.1.6' ],
199 silly audit   '@next/swc-linux-arm64-gnu': [ '16.1.6' ],
199 silly audit   '@next/swc-linux-arm64-musl': [ '16.1.6' ],
199 silly audit   '@next/swc-linux-x64-gnu': [ '16.1.6' ],
199 silly audit   '@next/swc-linux-x64-musl': [ '16.1.6' ],
199 silly audit   '@next/swc-win32-arm64-msvc': [ '16.1.6' ],
199 silly audit   '@next/swc-win32-x64-msvc': [ '16.1.6' ],
199 silly audit   '@nodelib/fs.scandir': [ '2.1.5' ],
199 silly audit   '@nodelib/fs.stat': [ '2.0.5' ],
199 silly audit   '@nodelib/fs.walk': [ '1.2.8' ],
199 silly audit   '@nolyfill/is-core-module': [ '1.0.39' ],
199 silly audit   '@rtsao/scc': [ '1.1.0' ],
199 silly audit   '@swc/helpers': [ '0.5.15' ],
199 silly audit   '@tailwindcss/node': [ '4.2.1' ],
199 silly audit   '@tailwindcss/oxide': [ '4.2.1' ],
199 silly audit   '@tailwindcss/oxide-android-arm64': [ '4.2.1' ],
199 silly audit   '@tailwindcss/oxide-darwin-arm64': [ '4.2.1' ],
199 silly audit   '@tailwindcss/oxide-darwin-x64': [ '4.2.1' ],
199 silly audit   '@tailwindcss/oxide-freebsd-x64': [ '4.2.1' ],
199 silly audit   '@tailwindcss/oxide-linux-arm-gnueabihf': [ '4.2.1' ],
199 silly audit   '@tailwindcss/oxide-linux-arm64-gnu': [ '4.2.1' ],
199 silly audit   '@tailwindcss/oxide-linux-arm64-musl': [ '4.2.1' ],
199 silly audit   '@tailwindcss/oxide-linux-x64-gnu': [ '4.2.1' ],
199 silly audit   '@tailwindcss/oxide-linux-x64-musl': [ '4.2.1' ],
199 silly audit   '@tailwindcss/oxide-wasm32-wasi': [ '4.2.1' ],
199 silly audit   '@tailwindcss/oxide-win32-arm64-msvc': [ '4.2.1' ],
199 silly audit   '@tailwindcss/oxide-win32-x64-msvc': [ '4.2.1' ],
199 silly audit   '@tailwindcss/postcss': [ '4.2.1' ],
199 silly audit   '@tybys/wasm-util': [ '0.10.1' ],
199 silly audit   '@types/estree': [ '1.0.8' ],
199 silly audit   '@types/json-schema': [ '7.0.15' ],
199 silly audit   '@types/json5': [ '0.0.29' ],
199 silly audit   '@types/node': [ '20.19.37' ],
199 silly audit   '@types/react': [ '19.2.14' ],
199 silly audit   '@types/react-dom': [ '19.2.3' ],
199 silly audit   '@typescript-eslint/eslint-plugin': [ '8.56.1' ],
199 silly audit   ignore: [ '7.0.5', '5.3.2' ],
199 silly audit   '@typescript-eslint/parser': [ '8.56.1' ],
199 silly audit   '@typescript-eslint/project-service': [ '8.56.1' ],
199 silly audit   '@typescript-eslint/scope-manager': [ '8.56.1' ],
199 silly audit   '@typescript-eslint/tsconfig-utils': [ '8.56.1' ],
199 silly audit   '@typescript-eslint/type-utils': [ '8.56.1' ],
199 silly audit   '@typescript-eslint/types': [ '8.56.1' ],
199 silly audit   '@typescript-eslint/typescript-estree': [ '8.56.1' ],
199 silly audit   'balanced-match': [ '4.0.4', '1.0.2' ],
199 silly audit   'brace-expansion': [ '5.0.4', '1.1.12' ],
199 silly audit   minimatch: [ '10.2.4', '3.1.5' ],
199 silly audit   semver: [ '7.7.4', '6.3.1' ],
199 silly audit   '@typescript-eslint/utils': [ '8.56.1' ],
199 silly audit   '@typescript-eslint/visitor-keys': [ '8.56.1' ],
199 silly audit   '@unrs/resolver-binding-android-arm-eabi': [ '1.11.1' ],
199 silly audit   '@unrs/resolver-binding-android-arm64': [ '1.11.1' ],
199 silly audit   '@unrs/resolver-binding-darwin-arm64': [ '1.11.1' ],
199 silly audit   '@unrs/resolver-binding-darwin-x64': [ '1.11.1' ],
199 silly audit   '@unrs/resolver-binding-freebsd-x64': [ '1.11.1' ],
199 silly audit   '@unrs/resolver-binding-linux-arm-gnueabihf': [ '1.11.1' ],
199 silly audit   '@unrs/resolver-binding-linux-arm-musleabihf': [ '1.11.1' ],
199 silly audit   '@unrs/resolver-binding-linux-arm64-gnu': [ '1.11.1' ],
199 silly audit   '@unrs/resolver-binding-linux-arm64-musl': [ '1.11.1' ],
199 silly audit   '@unrs/resolver-binding-linux-ppc64-gnu': [ '1.11.1' ],
199 silly audit   '@unrs/resolver-binding-linux-riscv64-gnu': [ '1.11.1' ],
199 silly audit   '@unrs/resolver-binding-linux-riscv64-musl': [ '1.11.1' ],
199 silly audit   '@unrs/resolver-binding-linux-s390x-gnu': [ '1.11.1' ],
199 silly audit   '@unrs/resolver-binding-linux-x64-gnu': [ '1.11.1' ],
199 silly audit   '@unrs/resolver-binding-linux-x64-musl': [ '1.11.1' ],
199 silly audit   '@unrs/resolver-binding-wasm32-wasi': [ '1.11.1' ],
199 silly audit   '@unrs/resolver-binding-win32-arm64-msvc': [ '1.11.1' ],
199 silly audit   '@unrs/resolver-binding-win32-ia32-msvc': [ '1.11.1' ],
199 silly audit   '@unrs/resolver-binding-win32-x64-msvc': [ '1.11.1' ],
199 silly audit   acorn: [ '8.16.0' ],
199 silly audit   'acorn-jsx': [ '5.3.2' ],
199 silly audit   ajv: [ '6.14.0' ],
199 silly audit   'ansi-styles': [ '4.3.0' ],
199 silly audit   argparse: [ '2.0.1' ],
199 silly audit   'aria-query': [ '5.3.2' ],
199 silly audit   'array-buffer-byte-length': [ '1.0.2' ],
199 silly audit   'array-includes': [ '3.1.9' ],
199 silly audit   'array.prototype.findlast': [ '1.2.5' ],
199 silly audit   'array.prototype.findlastindex': [ '1.2.6' ],
199 silly audit   'array.prototype.flat': [ '1.3.3' ],
199 silly audit   'array.prototype.flatmap': [ '1.3.3' ],
199 silly audit   'array.prototype.tosorted': [ '1.1.4' ],
199 silly audit   'arraybuffer.prototype.slice': [ '1.0.4' ],
199 silly audit   'ast-types-flow': [ '0.0.8' ],
199 silly audit   'async-function': [ '1.0.0' ],
199 silly audit   'available-typed-arrays': [ '1.0.7' ],
199 silly audit   'axe-core': [ '4.11.1' ],
199 silly audit   'axobject-query': [ '4.1.0' ],
199 silly audit   'baseline-browser-mapping': [ '2.10.0' ],
199 silly audit   braces: [ '3.0.3' ],
199 silly audit   browserslist: [ '4.28.1' ],
199 silly audit   'call-bind': [ '1.0.8' ],
199 silly audit   'call-bind-apply-helpers': [ '1.0.2' ],
199 silly audit   'call-bound': [ '1.0.4' ],
199 silly audit   callsites: [ '3.1.0' ],
199 silly audit   'caniuse-lite': [ '1.0.30001777' ],
199 silly audit   chalk: [ '4.1.2' ],
199 silly audit   'client-only': [ '0.0.1' ],
199 silly audit   'color-convert': [ '2.0.1' ],
199 silly audit   'color-name': [ '1.1.4' ],
199 silly audit   'concat-map': [ '0.0.1' ],
199 silly audit   'convert-source-map': [ '2.0.0' ],
199 silly audit   'cross-spawn': [ '7.0.6' ],
199 silly audit   csstype: [ '3.2.3' ],
199 silly audit   'damerau-levenshtein': [ '1.0.8' ],
199 silly audit   'data-view-buffer': [ '1.0.2' ],
199 silly audit   'data-view-byte-length': [ '1.0.2' ],
199 silly audit   'data-view-byte-offset': [ '1.0.1' ],
199 silly audit   debug: [ '4.4.3', '3.2.7' ],
199 silly audit   'deep-is': [ '0.1.4' ],
199 silly audit   'define-data-property': [ '1.1.4' ],
199 silly audit   'define-properties': [ '1.2.1' ],
199 silly audit   'detect-libc': [ '2.1.2' ],
199 silly audit   doctrine: [ '2.1.0' ],
199 silly audit   'dunder-proto': [ '1.0.1' ],
199 silly audit   'electron-to-chromium': [ '1.5.307' ],
199 silly audit   'emoji-regex': [ '9.2.2' ],
199 silly audit   'enhanced-resolve': [ '5.20.0' ],
199 silly audit   'es-abstract': [ '1.24.1' ],
199 silly audit   'es-define-property': [ '1.0.1' ],
199 silly audit   'es-errors': [ '1.3.0' ],
199 silly audit   'es-iterator-helpers': [ '1.2.2' ],
199 silly audit   'es-object-atoms': [ '1.1.1' ],
199 silly audit   'es-set-tostringtag': [ '2.1.0' ],
199 silly audit   'es-shim-unscopables': [ '1.1.0' ],
199 silly audit   'es-to-primitive': [ '1.3.0' ],
199 silly audit   escalade: [ '3.2.0' ],
199 silly audit   'escape-string-regexp': [ '4.0.0' ],
199 silly audit   eslint: [ '9.39.4' ],
199 silly audit   'eslint-config-next': [ '16.1.6' ],
199 silly audit   globals: [ '16.4.0', '14.0.0' ],
199 silly audit   'eslint-import-resolver-node': [ '0.3.9' ],
199 silly audit   'eslint-import-resolver-typescript': [ '3.10.1' ],
199 silly audit   'eslint-module-utils': [ '2.12.1' ],
199 silly audit   'eslint-plugin-import': [ '2.32.0' ],
199 silly audit   'eslint-plugin-jsx-a11y': [ '6.10.2' ],
199 silly audit   'eslint-plugin-react': [ '7.37.5' ],
199 silly audit   'eslint-plugin-react-hooks': [ '7.0.1' ],
199 silly audit   resolve: [ '2.0.0-next.6', '1.22.11' ],
199 silly audit   'eslint-scope': [ '8.4.0' ],
199 silly audit   espree: [ '10.4.0' ],
199 silly audit   esquery: [ '1.7.0' ],
199 silly audit   esrecurse: [ '4.3.0' ],
199 silly audit   estraverse: [ '5.3.0' ],
199 silly audit   esutils: [ '2.0.3' ],
199 silly audit   'fast-deep-equal': [ '3.1.3' ],
199 silly audit   'fast-glob': [ '3.3.1' ],
199 silly audit   'glob-parent': [ '5.1.2', '6.0.2' ],
199 silly audit   'fast-json-stable-stringify': [ '2.1.0' ],
199 silly audit   'fast-levenshtein': [ '2.0.6' ],
199 silly audit   fastq: [ '1.20.1' ],
199 silly audit   'file-entry-cache': [ '8.0.0' ],
199 silly audit   'fill-range': [ '7.1.1' ],
199 silly audit   'find-up': [ '5.0.0' ],
199 silly audit   'flat-cache': [ '4.0.1' ],
199 silly audit   flatted: [ '3.3.4' ],
199 silly audit   'for-each': [ '0.3.5' ],
199 silly audit   'function-bind': [ '1.1.2' ],
199 silly audit   'function.prototype.name': [ '1.1.8' ],
199 silly audit   'functions-have-names': [ '1.2.3' ],
199 silly audit   'generator-function': [ '2.0.1' ],
199 silly audit   gensync: [ '1.0.0-beta.2' ],
199 silly audit   'get-intrinsic': [ '1.3.0' ],
199 silly audit   'get-proto': [ '1.0.1' ],
199 silly audit   'get-symbol-description': [ '1.1.0' ],
199 silly audit   'get-tsconfig': [ '4.13.6' ],
199 silly audit   globalthis: [ '1.0.4' ],
199 silly audit   gopd: [ '1.2.0' ],
199 silly audit   'graceful-fs': [ '4.2.11' ],
199 silly audit   'has-bigints': [ '1.1.0' ],
199 silly audit   'has-flag': [ '4.0.0' ],
199 silly audit   'has-property-descriptors': [ '1.0.2' ],
199 silly audit   'has-proto': [ '1.2.0' ],
199 silly audit   'has-symbols': [ '1.1.0' ],
199 silly audit   'has-tostringtag': [ '1.0.2' ],
199 silly audit   hasown: [ '2.0.2' ],
199 silly audit   'hermes-estree': [ '0.25.1' ],
199 silly audit   'hermes-parser': [ '0.25.1' ],
199 silly audit   'import-fresh': [ '3.3.1' ],
199 silly audit   imurmurhash: [ '0.1.4' ],
199 silly audit   'internal-slot': [ '1.1.0' ],
199 silly audit   'is-array-buffer': [ '3.0.5' ],
199 silly audit   'is-async-function': [ '2.1.1' ],
199 silly audit   'is-bigint': [ '1.1.0' ],
199 silly audit   'is-boolean-object': [ '1.2.2' ],
199 silly audit   'is-bun-module': [ '2.0.0' ],
199 silly audit   'is-callable': [ '1.2.7' ],
199 silly audit   'is-core-module': [ '2.16.1' ],
199 silly audit   'is-data-view': [ '1.0.2' ],
199 silly audit   'is-date-object': [ '1.1.0' ],
199 silly audit   'is-extglob': [ '2.1.1' ],
199 silly audit   'is-finalizationregistry': [ '1.1.1' ],
199 silly audit   'is-generator-function': [ '1.1.2' ],
199 silly audit   'is-glob': [ '4.0.3' ],
199 silly audit   'is-map': [ '2.0.3' ],
199 silly audit   'is-negative-zero': [ '2.0.3' ],
199 silly audit   'is-number': [ '7.0.0' ],
199 silly audit   'is-number-object': [ '1.1.1' ],
199 silly audit   'is-regex': [ '1.2.1' ],
199 silly audit   'is-set': [ '2.0.3' ],
199 silly audit   'is-shared-array-buffer': [ '1.0.4' ],
199 silly audit   'is-string': [ '1.1.1' ],
199 silly audit   'is-symbol': [ '1.1.1' ],
199 silly audit   'is-typed-array': [ '1.1.15' ],
199 silly audit   'is-weakmap': [ '2.0.2' ],
199 silly audit   'is-weakref': [ '1.1.1' ],
199 silly audit   'is-weakset': [ '2.0.4' ],
199 silly audit   isarray: [ '2.0.5' ],
199 silly audit   isexe: [ '2.0.0' ],
199 silly audit   'iterator.prototype': [ '1.1.5' ],
199 silly audit   jiti: [ '2.6.1' ],
199 silly audit   'js-tokens': [ '4.0.0' ],
199 silly audit   'js-yaml': [ '4.1.1' ],
199 silly audit   jsesc: [ '3.1.0' ],
199 silly audit   'json-buffer': [ '3.0.1' ],
199 silly audit   'json-schema-traverse': [ '0.4.1' ],
199 silly audit   'json-stable-stringify-without-jsonify': [ '1.0.1' ],
199 silly audit   json5: [ '2.2.3', '1.0.2' ],
199 silly audit   'jsx-ast-utils': [ '3.3.5' ],
199 silly audit   keyv: [ '4.5.4' ],
199 silly audit   'language-subtag-registry': [ '0.3.23' ],
199 silly audit   'language-tags': [ '1.0.9' ],
199 silly audit   levn: [ '0.4.1' ],
199 silly audit   lightningcss: [ '1.31.1' ],
199 silly audit   'lightningcss-android-arm64': [ '1.31.1' ],
199 silly audit   'lightningcss-darwin-arm64': [ '1.31.1' ],
199 silly audit   'lightningcss-darwin-x64': [ '1.31.1' ],
199 silly audit   'lightningcss-freebsd-x64': [ '1.31.1' ],
199 silly audit   'lightningcss-linux-arm-gnueabihf': [ '1.31.1' ],
199 silly audit   'lightningcss-linux-arm64-gnu': [ '1.31.1' ],
199 silly audit   'lightningcss-linux-arm64-musl': [ '1.31.1' ],
199 silly audit   'lightningcss-linux-x64-gnu': [ '1.31.1' ],
199 silly audit   'lightningcss-linux-x64-musl': [ '1.31.1' ],
199 silly audit   'lightningcss-win32-arm64-msvc': [ '1.31.1' ],
199 silly audit   'lightningcss-win32-x64-msvc': [ '1.31.1' ],
199 silly audit   'locate-path': [ '6.0.0' ],
199 silly audit   'lodash.merge': [ '4.6.2' ],
199 silly audit   'loose-envify': [ '1.4.0' ],
199 silly audit   'lru-cache': [ '5.1.1' ],
199 silly audit   'magic-string': [ '0.30.21' ],
199 silly audit   'math-intrinsics': [ '1.1.0' ],
199 silly audit   merge2: [ '1.4.1' ],
199 silly audit   micromatch: [ '4.0.8' ],
199 silly audit   minimist: [ '1.2.8' ],
199 silly audit   ms: [ '2.1.3' ],
199 silly audit   nanoid: [ '3.3.11' ],
199 silly audit   'napi-postinstall': [ '0.3.4' ],
199 silly audit   'natural-compare': [ '1.4.0' ],
199 silly audit   next: [ '16.1.6' ],
199 silly audit   postcss: [ '8.4.31', '8.5.8' ],
199 silly audit   'node-exports-info': [ '1.6.0' ],
199 silly audit   'node-releases': [ '2.0.36' ],
199 silly audit   'object-assign': [ '4.1.1' ],
199 silly audit   'object-inspect': [ '1.13.4' ],
199 silly audit   'object-keys': [ '1.1.1' ],
199 silly audit   'object.assign': [ '4.1.7' ],
199 silly audit   'object.entries': [ '1.1.9' ],
199 silly audit   'object.fromentries': [ '2.0.8' ],
199 silly audit   'object.groupby': [ '1.0.3' ],
199 silly audit   'object.values': [ '1.2.1' ],
199 silly audit   optionator: [ '0.9.4' ],
199 silly audit   'own-keys': [ '1.0.1' ],
199 silly audit   'p-limit': [ '3.1.0' ],
199 silly audit   'p-locate': [ '5.0.0' ],
199 silly audit   'parent-module': [ '1.0.1' ],
199 silly audit   'path-exists': [ '4.0.0' ],
199 silly audit   'path-key': [ '3.1.1' ],
199 silly audit   'path-parse': [ '1.0.7' ],
199 silly audit   picocolors: [ '1.1.1' ],
199 silly audit   picomatch: [ '2.3.1', '4.0.3' ],
199 silly audit   'possible-typed-array-names': [ '1.1.0' ],
199 silly audit   'prelude-ls': [ '1.2.1' ],
199 silly audit   'prop-types': [ '15.8.1' ],
199 silly audit   punycode: [ '2.3.1' ],
199 silly audit   'queue-microtask': [ '1.2.3' ],
199 silly audit   react: [ '19.2.3' ],
199 silly audit   'react-dom': [ '19.2.3' ],
199 silly audit   'react-is': [ '16.13.1' ],
199 silly audit   'reflect.getprototypeof': [ '1.0.10' ],
199 silly audit   'regexp.prototype.flags': [ '1.5.4' ],
199 silly audit   'resolve-from': [ '4.0.0' ],
199 silly audit   'resolve-pkg-maps': [ '1.0.0' ],
199 silly audit   reusify: [ '1.1.0' ],
199 silly audit   'run-parallel': [ '1.2.0' ],
199 silly audit   'safe-array-concat': [ '1.1.3' ],
199 silly audit   'safe-push-apply': [ '1.0.0' ],
199 silly audit   'safe-regex-test': [ '1.1.0' ],
199 silly audit   scheduler: [ '0.27.0' ],
199 silly audit   'set-function-length': [ '1.2.2' ],
199 silly audit   'set-function-name': [ '2.0.2' ],
199 silly audit   'set-proto': [ '1.0.0' ],
199 silly audit   sharp: [ '0.34.5' ],
199 silly audit   'shebang-command': [ '2.0.0' ],
199 silly audit   'shebang-regex': [ '3.0.0' ],
199 silly audit   'side-channel': [ '1.1.0' ],
199 silly audit   'side-channel-list': [ '1.0.0' ],
199 silly audit   'side-channel-map': [ '1.0.1' ],
199 silly audit   'side-channel-weakmap': [ '1.0.2' ],
199 silly audit   'source-map-js': [ '1.2.1' ],
199 silly audit   'stable-hash': [ '0.0.5' ],
199 silly audit   'stop-iteration-iterator': [ '1.1.0' ],
199 silly audit   'string.prototype.includes': [ '2.0.1' ],
199 silly audit   'string.prototype.matchall': [ '4.0.12' ],
199 silly audit   'string.prototype.repeat': [ '1.0.0' ],
199 silly audit   'string.prototype.trim': [ '1.2.10' ],
199 silly audit   'string.prototype.trimend': [ '1.0.9' ],
199 silly audit   'string.prototype.trimstart': [ '1.0.8' ],
199 silly audit   'strip-bom': [ '3.0.0' ],
199 silly audit   'strip-json-comments': [ '3.1.1' ],
199 silly audit   'styled-jsx': [ '5.1.6' ],
199 silly audit   'supports-color': [ '7.2.0' ],
199 silly audit   'supports-preserve-symlinks-flag': [ '1.0.0' ],
199 silly audit   tailwindcss: [ '4.2.1' ],
199 silly audit   tapable: [ '2.3.0' ],
199 silly audit   tinyglobby: [ '0.2.15' ],
199 silly audit   fdir: [ '6.5.0' ],
199 silly audit   'to-regex-range': [ '5.0.1' ],
199 silly audit   'ts-api-utils': [ '2.4.0' ],
199 silly audit   'tsconfig-paths': [ '3.15.0' ],
199 silly audit   tslib: [ '2.8.1' ],
199 silly audit   'type-check': [ '0.4.0' ],
199 silly audit   'typed-array-buffer': [ '1.0.3' ],
199 silly audit   'typed-array-byte-length': [ '1.0.3' ],
199 silly audit   'typed-array-byte-offset': [ '1.0.4' ],
199 silly audit   'typed-array-length': [ '1.0.7' ],
199 silly audit   typescript: [ '5.9.3' ],
199 silly audit   'typescript-eslint': [ '8.56.1' ],
199 silly audit   'unbox-primitive': [ '1.1.0' ],
199 silly audit   'undici-types': [ '6.21.0' ],
199 silly audit   'unrs-resolver': [ '1.11.1' ],
199 silly audit   'update-browserslist-db': [ '1.2.3' ],
199 silly audit   'uri-js': [ '4.4.1' ],
199 silly audit   which: [ '2.0.2' ],
199 silly audit   'which-boxed-primitive': [ '1.1.1' ],
199 silly audit   'which-builtin-type': [ '1.2.1' ],
199 silly audit   'which-collection': [ '1.0.2' ],
199 silly audit   'which-typed-array': [ '1.1.20' ],
199 silly audit   'word-wrap': [ '1.2.5' ],
199 silly audit   yallist: [ '3.1.1' ],
199 silly audit   'yocto-queue': [ '0.1.0' ],
199 silly audit   zod: [ '4.3.6' ],
199 silly audit   'zod-validation-error': [ '4.0.2' ],
199 silly audit   '@google/generative-ai': [ '0.24.1' ],
199 silly audit   convex: [ '1.32.0' ],
199 silly audit   'lucide-react': [ '0.577.0' ],
199 silly audit   esbuild: [ '0.27.0' ],
199 silly audit   prettier: [ '3.8.1' ],
199 silly audit   ws: [ '8.18.0' ],
199 silly audit   '@esbuild/aix-ppc64': [ '0.27.0' ],
199 silly audit   '@esbuild/android-arm': [ '0.27.0' ],
199 silly audit   '@esbuild/android-arm64': [ '0.27.0' ],
199 silly audit   '@esbuild/android-x64': [ '0.27.0' ],
199 silly audit   '@esbuild/darwin-arm64': [ '0.27.0' ],
199 silly audit   '@esbuild/darwin-x64': [ '0.27.0' ],
199 silly audit   '@esbuild/freebsd-arm64': [ '0.27.0' ],
199 silly audit   '@esbuild/freebsd-x64': [ '0.27.0' ],
199 silly audit   '@esbuild/linux-arm': [ '0.27.0' ],
199 silly audit   '@esbuild/linux-arm64': [ '0.27.0' ],
199 silly audit   '@esbuild/linux-ia32': [ '0.27.0' ],
199 silly audit   '@esbuild/linux-loong64': [ '0.27.0' ],
199 silly audit   '@esbuild/linux-mips64el': [ '0.27.0' ],
199 silly audit   '@esbuild/linux-ppc64': [ '0.27.0' ],
199 silly audit   '@esbuild/linux-riscv64': [ '0.27.0' ],
199 silly audit   '@esbuild/linux-s390x': [ '0.27.0' ],
199 silly audit   '@esbuild/linux-x64': [ '0.27.0' ],
199 silly audit   '@esbuild/netbsd-arm64': [ '0.27.0' ],
199 silly audit   '@esbuild/netbsd-x64': [ '0.27.0' ],
199 silly audit   '@esbuild/openbsd-arm64': [ '0.27.0' ],
199 silly audit   '@esbuild/openbsd-x64': [ '0.27.0' ],
199 silly audit   '@esbuild/openharmony-arm64': [ '0.27.0' ],
199 silly audit   '@esbuild/sunos-x64': [ '0.27.0' ],
199 silly audit   '@esbuild/win32-arm64': [ '0.27.0' ],
199 silly audit   '@esbuild/win32-ia32': [ '0.27.0' ],
199 silly audit   '@esbuild/win32-x64': [ '0.27.0' ]
199 silly audit }
200 http cache ws@https://registry.npmjs.org/ws/-/ws-8.18.0.tgz 0ms (cache hit)
201 http cache lucide-react@https://registry.npmjs.org/lucide-react/-/lucide-react-0.577.0.tgz 0ms (cache hit)
202 http cache @esbuild/darwin-arm64@https://registry.npmjs.org/@esbuild/darwin-arm64/-/darwin-arm64-0.27.0.tgz 0ms (cache hit)
203 http cache convex@https://registry.npmjs.org/convex/-/convex-1.32.0.tgz 0ms (cache hit)
204 http cache @google/generative-ai@https://registry.npmjs.org/@google/generative-ai/-/generative-ai-0.24.1.tgz 0ms (cache hit)
205 http cache prettier@https://registry.npmjs.org/prettier/-/prettier-3.8.1.tgz 0ms (cache hit)
206 silly tarball no local data for ws@https://registry.npmjs.org/ws/-/ws-8.18.0.tgz. Extracting by manifest.
207 silly tarball no local data for lucide-react@https://registry.npmjs.org/lucide-react/-/lucide-react-0.577.0.tgz. Extracting by manifest.
208 silly tarball no local data for @esbuild/darwin-arm64@https://registry.npmjs.org/@esbuild/darwin-arm64/-/darwin-arm64-0.27.0.tgz. Extracting by manifest.
209 silly tarball no local data for convex@https://registry.npmjs.org/convex/-/convex-1.32.0.tgz. Extracting by manifest.
210 silly tarball no local data for @google/generative-ai@https://registry.npmjs.org/@google/generative-ai/-/generative-ai-0.24.1.tgz. Extracting by manifest.
211 silly tarball no local data for prettier@https://registry.npmjs.org/prettier/-/prettier-3.8.1.tgz. Extracting by manifest.
212 http cache esbuild@https://registry.npmjs.org/esbuild/-/esbuild-0.27.0.tgz 0ms (cache hit)
213 silly tarball no local data for esbuild@https://registry.npmjs.org/esbuild/-/esbuild-0.27.0.tgz. Extracting by manifest.
214 http fetch GET 200 https://registry.npmjs.org/esbuild/-/esbuild-0.27.0.tgz 28ms (cache miss)
215 http fetch GET 200 https://registry.npmjs.org/ws/-/ws-8.18.0.tgz 52ms (cache miss)
216 http fetch GET 200 https://registry.npmjs.org/prettier/-/prettier-3.8.1.tgz 121ms (cache miss)
217 http fetch GET 200 https://registry.npmjs.org/@esbuild/darwin-arm64/-/darwin-arm64-0.27.0.tgz 372ms (cache miss)
218 http fetch POST 200 https://registry.npmjs.org/-/npm/v1/security/advisories/bulk 389ms
219 silly audit report {}
220 http fetch GET 200 https://registry.npmjs.org/convex/-/convex-1.32.0.tgz 578ms (cache miss)
221 http fetch GET 200 https://registry.npmjs.org/lucide-react/-/lucide-react-0.577.0.tgz 675ms (cache miss)
222 http fetch GET 200 https://registry.npmjs.org/@google/generative-ai/-/generative-ai-0.24.1.tgz 893ms (cache miss)
223 info run esbuild@0.27.0 postinstall node_modules/esbuild node install.js
224 info run esbuild@0.27.0 postinstall { code: 0, signal: null }
225 silly ADD node_modules/@esbuild/darwin-arm64
226 silly ADD node_modules/ws
227 silly ADD node_modules/prettier
228 silly ADD node_modules/esbuild
229 silly ADD node_modules/lucide-react
230 silly ADD node_modules/convex
231 silly ADD node_modules/@google/generative-ai
232 verbose cwd /Users/manavcodaty/repos/TruthLens
233 verbose os Darwin 25.3.0
234 verbose node v24.13.1
235 verbose npm  v11.8.0
236 verbose exit 0
237 info ok
