0 verbose cli /usr/local/bin/node /usr/local/lib/node_modules/npm/bin/npm-cli.js
1 info using npm@11.8.0
2 info using node@v24.13.1
3 silly config load:file:/usr/local/lib/node_modules/npm/npmrc
4 silly config load:file:/Users/manavcodaty/repos/TruthLens/.npmrc
5 silly config load:file:/Users/manavcodaty/.npmrc
6 silly config load:file:/usr/local/etc/npmrc
7 verbose title npm exec create-next-app@latest . --typescript --tailwind --app --src-dir --use-npm --import-alias @/* --yes
8 verbose argv "exec" "--" "create-next-app@latest" "." "--typescript" "--tailwind" "--app" "--src-dir" "--use-npm" "--import-alias" "@/*" "--yes"
9 verbose logfile logs-max:10 dir:/Users/manavcodaty/repos/TruthLens/.npm-cache/_logs/2026-03-07T08_22_21_634Z-
10 verbose logfile /Users/manavcodaty/repos/TruthLens/.npm-cache/_logs/2026-03-07T08_22_21_634Z-debug-0.log
11 silly logfile done cleaning log files
12 silly packumentCache heap:4496293888 maxSize:1124073472 maxEntrySize:562036736
13 http fetch GET 200 https://registry.npmjs.org/npm 109ms
14 http fetch GET 200 https://registry.npmjs.org/create-next-app 155ms (cache miss)
15 silly packumentCache heap:4496293888 maxSize:1124073472 maxEntrySize:562036736
16 silly packumentCache heap:4496293888 maxSize:1124073472 maxEntrySize:562036736
17 warn exec The following package was not found and will be installed: create-next-app@16.1.6
18 silly idealTree buildDeps
19 silly fetch manifest create-next-app@16.1.6
20 silly packumentCache full:https://registry.npmjs.org/create-next-app cache-miss
21 http fetch GET 200 https://registry.npmjs.org/create-next-app 455ms (cache miss)
22 silly packumentCache full:https://registry.npmjs.org/create-next-app set size:undefined disposed:false
23 silly placeDep ROOT create-next-app@16.1.6 OK for:  want: 16.1.6
24 silly reify moves {}
25 silly audit bulk request { 'create-next-app': [ '16.1.6' ] }
26 http cache create-next-app@https://registry.npmjs.org/create-next-app/-/create-next-app-16.1.6.tgz 0ms (cache hit)
27 silly tarball no local data for create-next-app@https://registry.npmjs.org/create-next-app/-/create-next-app-16.1.6.tgz. Extracting by manifest.
28 http fetch GET 200 https://registry.npmjs.org/create-next-app/-/create-next-app-16.1.6.tgz 76ms (cache miss)
29 http fetch POST 200 https://registry.npmjs.org/-/npm/v1/security/advisories/bulk 287ms
30 silly audit report {}
31 verbose cwd /Users/manavcodaty/repos/TruthLens
32 verbose os Darwin 25.3.0
33 verbose node v24.13.1
34 verbose npm  v11.8.0
35 notice
35 notice New minor version of npm available! 11.8.0 -> 11.11.0
35 notice Changelog: https://github.com/npm/cli/releases/tag/v11.11.0
35 notice To update run: npm install -g npm@11.11.0
35 notice  { force: true, Symbol(proc-log.meta): true }
36 verbose exit 1
37 verbose code 1
